<?xml version="1.0" encoding="UTF-8"?>
<testng-results ignored="0" total="8" passed="8" failed="0" skipped="0">
  <reporter-output>
  </reporter-output>
  <suite started-at="2024-05-23T20:45:38 IST" name="loandepartment" finished-at="2024-05-23T20:45:39 IST" duration-ms="107">
    <groups>
      <group name="Smoke">
        <method signature="day3.mobileshop()[pri:0, instance:test.day3@418e7838]" name="mobileshop" class="test.day3"/>
      </group> <!-- Smoke -->
    </groups>
    <test started-at="2024-05-23T20:45:38 IST" name="persnalloan" finished-at="2024-05-23T20:45:39 IST" duration-ms="107">
      <class name="test.day4">
        <test-method signature="loginapihomelaon()[pri:0, instance:test.day4@1725dc0f]" started-at="2024-05-23T20:45:39 IST" name="loginapihomelaon" finished-at="2024-05-23T20:45:39 IST" duration-ms="2" status="PASS">
          <reporter-output>
          </reporter-output>
        </test-method> <!-- loginapihomelaon -->
        <test-method signature="mobileloginhome()[pri:0, instance:test.day4@1725dc0f]" started-at="2024-05-23T20:45:39 IST" name="mobileloginhome" finished-at="2024-05-23T20:45:39 IST" duration-ms="2" status="PASS">
          <reporter-output>
          </reporter-output>
        </test-method> <!-- mobileloginhome -->
        <test-method signature="webloginhomeloan()[pri:0, instance:test.day4@1725dc0f]" started-at="2024-05-23T20:45:39 IST" name="webloginhomeloan" finished-at="2024-05-23T20:45:39 IST" duration-ms="2" status="PASS">
          <reporter-output>
          </reporter-output>
        </test-method> <!-- webloginhomeloan -->
      </class> <!-- test.day4 -->
      <class name="test.day3">
        <test-method is-config="true" signature="sri()[pri:0, instance:test.day3@418e7838]" started-at="2024-05-23T20:45:38 IST" name="sri" finished-at="2024-05-23T20:45:38 IST" duration-ms="8" status="PASS">
          <reporter-output>
          </reporter-output>
        </test-method> <!-- sri -->
        <test-method signature="loginapicarlaon()[pri:0, instance:test.day3@418e7838]" started-at="2024-05-23T20:45:38 IST" name="loginapicarlaon" finished-at="2024-05-23T20:45:38 IST" duration-ms="13" status="PASS">
          <reporter-output>
          </reporter-output>
        </test-method> <!-- loginapicarlaon -->
        <test-method is-config="true" signature="sri()[pri:0, instance:test.day3@418e7838]" started-at="2024-05-23T20:45:38 IST" name="sri" finished-at="2024-05-23T20:45:38 IST" duration-ms="1" status="PASS">
          <reporter-output>
          </reporter-output>
        </test-method> <!-- sri -->
        <test-method signature="mobilelogincar()[pri:0, instance:test.day3@418e7838]" started-at="2024-05-23T20:45:38 IST" name="mobilelogincar" finished-at="2024-05-23T20:45:38 IST" duration-ms="2" status="PASS">
          <reporter-output>
          </reporter-output>
        </test-method> <!-- mobilelogincar -->
        <test-method is-config="true" signature="sri()[pri:0, instance:test.day3@418e7838]" started-at="2024-05-23T20:45:38 IST" name="sri" finished-at="2024-05-23T20:45:38 IST" duration-ms="0" status="PASS">
          <reporter-output>
          </reporter-output>
        </test-method> <!-- sri -->
        <test-method signature="mobileshop()[pri:0, instance:test.day3@418e7838]" started-at="2024-05-23T20:45:38 IST" name="mobileshop" finished-at="2024-05-23T20:45:38 IST" duration-ms="2" status="PASS">
          <reporter-output>
          </reporter-output>
        </test-method> <!-- mobileshop -->
        <test-method is-config="true" signature="sri()[pri:0, instance:test.day3@418e7838]" started-at="2024-05-23T20:45:38 IST" name="sri" finished-at="2024-05-23T20:45:38 IST" duration-ms="1" status="PASS">
          <reporter-output>
          </reporter-output>
        </test-method> <!-- sri -->
        <test-method signature="sri(java.lang.String)[pri:0, instance:test.day3@418e7838]" started-at="2024-05-23T20:45:38 IST" name="sri" finished-at="2024-05-23T20:45:39 IST" duration-ms="2" status="PASS">
          <params>
            <param index="0">
              <value>
                <![CDATA[qaacademy]]>
              </value>
            </param>
          </params>
          <reporter-output>
          </reporter-output>
        </test-method> <!-- sri -->
        <test-method is-config="true" signature="sri()[pri:0, instance:test.day3@418e7838]" started-at="2024-05-23T20:45:39 IST" name="sri" finished-at="2024-05-23T20:45:39 IST" duration-ms="0" status="PASS">
          <reporter-output>
          </reporter-output>
        </test-method> <!-- sri -->
        <test-method signature="weblogincarloan()[pri:0, instance:test.day3@418e7838]" started-at="2024-05-23T20:45:39 IST" name="weblogincarloan" finished-at="2024-05-23T20:45:39 IST" duration-ms="3" status="PASS">
          <reporter-output>
          </reporter-output>
        </test-method> <!-- weblogincarloan -->
      </class> <!-- test.day3 -->
    </test> <!-- persnalloan -->
  </suite> <!-- loandepartment -->
</testng-results>
