<?xml version="1.0" encoding="UTF-8"?>
<!-- Generated by org.testng.reporters.JUnitXMLReporter -->
<testsuite ignored="4" hostname="Sumanth-Sheregar" failures="0" tests="0" time="0.003" errors="0" timestamp="2024-05-21T22:59:34 IST">
  <testcase classname="test.day3" name="loginapicarlaon" time="0.0">
    <ignored/>
  </testcase> <!-- loginapicarlaon -->
  <testcase classname="test.day3" name="mobileshop" time="0.0">
    <ignored/>
  </testcase> <!-- mobileshop -->
  <testcase classname="test.day3" name="mobilelogincar" time="0.0">
    <ignored/>
  </testcase> <!-- mobilelogincar -->
  <testcase classname="test.day3" name="weblogincarloan" time="0.0">
    <ignored/>
  </testcase> <!-- weblogincarloan -->
</testsuite>
