<?xml version="1.0" encoding="UTF-8"?>
<!-- Generated by org.testng.reporters.JUnitXMLReporter -->
<testsuite ignored="0" hostname="Sumanth-Sheregar" failures="0" tests="8" name="persnalloan" time="0.107" errors="0" timestamp="2024-05-23T20:45:39 IST">
  <testcase classname="test.day3" name="loginapicarlaon" time="0.013"/>
  <testcase classname="test.day3" name="mobilelogincar" time="0.002"/>
  <testcase classname="test.day3" name="mobileshop" time="0.002"/>
  <testcase classname="test.day3" name="sri" time="0.002"/>
  <testcase classname="test.day3" name="weblogincarloan" time="0.003"/>
  <testcase classname="test.day4" name="loginapihomelaon" time="0.002"/>
  <testcase classname="test.day4" name="mobileloginhome" time="0.002"/>
  <testcase classname="test.day4" name="webloginhomeloan" time="0.002"/>
</testsuite> <!-- persnalloan -->
