<?xml version="1.0" encoding="UTF-8"?>
<!-- Generated by org.testng.reporters.JUnitXMLReporter -->
<testsuite ignored="5" hostname="Sumanth-Sheregar" failures="0" tests="3" name="regression" time="0.089" errors="0" timestamp="2024-05-22T19:21:08 IST">
  <testcase classname="test.day1" name="demo" time="0.02"/>
  <testcase classname="test.day2" name="loan" time="0.002"/>
  <testcase classname="test.day3" name="mobileshop" time="0.002"/>
  <testcase classname="test.day3" name="loginapicarlaon" time="0.0">
    <ignored/>
  </testcase> <!-- loginapicarlaon -->
  <testcase classname="test.day3" name="sri" time="0.0">
    <ignored/>
  </testcase> <!-- sri -->
  <testcase classname="test.day3" name="mobilelogincar" time="0.0">
    <ignored/>
  </testcase> <!-- mobilelogincar -->
  <testcase classname="test.day4" name="webloginhomeloan" time="0.0">
    <ignored/>
  </testcase> <!-- webloginhomeloan -->
  <testcase classname="test.day3" name="weblogincarloan" time="0.0">
    <ignored/>
  </testcase> <!-- weblogincarloan -->
</testsuite> <!-- regression -->
